<?xml version="1.0" encoding="UTF-8"?>
<!-- Generated by org.testng.reporters.JUnitReportReporter -->
<testsuite hostname="DESKTOP-HPNOI30" failures="0" tests="7" name="com.mbm.bookingtests.BookingTests" time="16.476" errors="0" timestamp="2025-03-07T01:13:17 IST" skipped="0">
  <testcase classname="com.mbm.bookingtests.BookingTests" name="getBookingIdsAndVerifyResponse" time="5.617"/>
  <system-out/>
  <testcase classname="com.mbm.bookingtests.BookingTests" name="createBookingAndVerifyResponse" time="4.133"/>
  <system-out/>
  <testcase classname="com.mbm.bookingtests.BookingTests" name="getBookingDetailsAndVerifyResponse" time="1.513"/>
  <system-out/>
  <testcase classname="com.mbm.bookingtests.BookingTests" name="getAccessTokenAndVerifyResponse" time="1.283"/>
  <system-out/>
  <testcase classname="com.mbm.bookingtests.BookingTests" name="getUpdateBookingAndVerifyResponse" time="1.393"/>
  <system-out/>
  <testcase classname="com.mbm.bookingtests.BookingTests" name="getPartialUpdateBooking" time="1.264"/>
  <system-out/>
  <testcase classname="com.mbm.bookingtests.BookingTests" name="getDeleteBooking" time="1.273"/>
  <system-out/>
</testsuite> <!-- com.mbm.bookingtests.BookingTests -->
