<?xml version="1.0" encoding="UTF-8"?>
<!-- Generated by org.testng.reporters.JUnitReportReporter -->
<testsuite hostname="DESKTOP-HPNOI30" failures="0" tests="8" name="com.mbm.bookingtests.BookingTests" time="60.692" errors="0" timestamp="2025-08-22T22:59:10 IST" skipped="0">
  <testcase classname="com.mbm.bookingtests.BookingTests" name="getBookingIdsAndVerifyResponse" time="4.699"/>
  <system-out/>
  <testcase classname="com.mbm.bookingtests.BookingTests" name="createBookingAndVerifyResponse" time="5.903"/>
  <system-out/>
  <testcase classname="com.mbm.bookingtests.BookingTests" name="createBookingAndVerifyResponse" time="4.499"/>
  <system-out/>
  <testcase classname="com.mbm.bookingtests.BookingTests" name="createBookingAndVerifyResponse" time="32.399"/>
  <system-out/>
  <testcase classname="com.mbm.bookingtests.BookingTests" name="getBookingDetailsAndVerifyResponse" time="4.551"/>
  <system-out/>
  <testcase classname="com.mbm.bookingtests.BookingTests" name="getUpdateBookingAndVerifyResponse" time="2.819"/>
  <system-out/>
  <testcase classname="com.mbm.bookingtests.BookingTests" name="getPartialUpdateBooking" time="2.856"/>
  <system-out/>
  <testcase classname="com.mbm.bookingtests.BookingTests" name="getDeleteBooking" time="2.966"/>
  <system-out/>
</testsuite> <!-- com.mbm.bookingtests.BookingTests -->
