<?xml version="1.0" encoding="UTF-8"?>
<!-- Generated by org.testng.reporters.JUnitReportReporter -->
<testsuite hostname="DESKTOP-HPNOI30" failures="0" tests="1" name="users.UserAPITests" time="27.673" errors="0" timestamp="2025-02-21T19:59:47 IST" skipped="0">
  <testcase classname="users.UserAPITests" name="getUserAndVerifyResponse" time="27.673"/>
  <system-out/>
</testsuite> <!-- users.UserAPITests -->
